host: Shaminie
Building DAG of jobs...
Using shell: /usr/bin/bash
Provided cores: 1 (use --cores to define parallelism)
Rules claiming more threads will be scaled down.
Job stats:
job       count
------  -------
all           1
sample        1
total         2

Select jobs to execute...
Execute 1 jobs...

[Thu Oct 31 16:33:47 2024]
localrule sample:
    input: data/derived/accel_PIDs.csv, data/original/BMX_D.csv
    output: data/derived/sample.csv
    jobid: 1
    reason: Missing output files: data/derived/sample.csv
    resources: tmpdir=/tmp

[Thu Oct 31 16:33:48 2024]
Error in rule sample:
    jobid: 1
    input: data/derived/accel_PIDs.csv, data/original/BMX_D.csv
    output: data/derived/sample.csv
    shell:
        
	cd code
	Rscript 4-create-samp.R
	
        (one of the commands exited with non-zero exit code; note that snakemake uses bash strict mode!)

Shutting down, this might take some time.
Exiting because a job execution failed. Look above for error message
Complete log: .snakemake/log/2024-10-31T163347.487592.snakemake.log
WorkflowError:
At least one job did not complete successfully.
