host: Shaminie
Building DAG of jobs...
Using shell: /usr/bin/bash
Provided cores: 8
Rules claiming more threads will be scaled down.
Job stats:
job      count
-----  -------
clean        1
total        1

Select jobs to execute...
Execute 1 jobs...

[Thu Oct 31 16:04:51 2024]
localrule clean:
    jobid: 0
    reason: Rules with neither input nor output files are always executed.
    resources: tmpdir=/tmp

[Thu Oct 31 16:04:51 2024]
Error in rule clean:
    jobid: 0
    shell:
        
	rm -r logs
	
        (one of the commands exited with non-zero exit code; note that snakemake uses bash strict mode!)

Shutting down, this might take some time.
Exiting because a job execution failed. Look above for error message
Complete log: .snakemake/log/2024-10-31T160451.385222.snakemake.log
WorkflowError:
At least one job did not complete successfully.
