host: Shaminie
Building DAG of jobs...
Using shell: /usr/bin/bash
Provided cores: 8
Rules claiming more threads will be scaled down.
Job stats:
job        count
-------  -------
all            1
analyse        1
total          2

Select jobs to execute...
Execute 1 jobs...

[Fri Nov  1 18:41:26 2024]
localrule analyse:
    input: data/derived/bmx_demo_data.csv
    output: logs/log6.txt
    jobid: 1
    reason: Missing output files: logs/log6.txt
    resources: tmpdir=/tmp

[Fri Nov  1 18:41:31 2024]
Finished job 1.
1 of 2 steps (50%) done
Select jobs to execute...
Execute 1 jobs...

[Fri Nov  1 18:41:31 2024]
localrule all:
    input: logs/log6.txt
    jobid: 0
    reason: Input files updated by another job: logs/log6.txt
    resources: tmpdir=/tmp

[Fri Nov  1 18:41:31 2024]
Finished job 0.
2 of 2 steps (100%) done
Complete log: .snakemake/log/2024-11-01T184126.444292.snakemake.log
