host: Shaminie
Building DAG of jobs...
Using shell: /usr/bin/bash
Provided cores: 8
Rules claiming more threads will be scaled down.
Job stats:
job        count
-------  -------
all            1
analyse        1
total          2

Select jobs to execute...
Execute 1 jobs...

[Fri Nov  1 17:47:27 2024]
localrule analyse:
    input: data/derived/bmx_demo_data.csv
    output: logs/log6.txt
    jobid: 1
    reason: Missing output files: logs/log6.txt
    resources: tmpdir=/tmp

[Fri Nov  1 17:47:27 2024]
Error in rule analyse:
    jobid: 1
    input: data/derived/bmx_demo_data.csv
    output: logs/log6.txt
    shell:
        
	cd code
	Rscript 6-analyse-data.R > ../logs/log6.txt
	
        (one of the commands exited with non-zero exit code; note that snakemake uses bash strict mode!)

Removing output files of failed job analyse since they might be corrupted:
logs/log6.txt
Shutting down, this might take some time.
Exiting because a job execution failed. Look above for error message
Complete log: .snakemake/log/2024-11-01T174727.201355.snakemake.log
WorkflowError:
At least one job did not complete successfully.
