host: Shaminie
Building DAG of jobs...
Using shell: /usr/bin/bash
Provided cores: 1 (use --cores to define parallelism)
Rules claiming more threads will be scaled down.
Job stats:
job          count
---------  -------
all              1
pids_list        1
total            2

Select jobs to execute...
Execute 1 jobs...

[Thu Oct 31 16:28:49 2024]
localrule pids_list:
    input: data/derived/accel
    output: data/derived/accel_PIDs.csv
    jobid: 3
    reason: Updated input files: data/derived/accel
    resources: tmpdir=/tmp

[Thu Oct 31 16:28:49 2024]
Finished job 3.
1 of 2 steps (50%) done
Select jobs to execute...
Execute 1 jobs...

[Thu Oct 31 16:28:49 2024]
localrule all:
    input: logs/log1.txt, logs/log2.txt, data/derived/accel_PIDs.csv
    jobid: 0
    reason: Input files updated by another job: data/derived/accel_PIDs.csv
    resources: tmpdir=/tmp

[Thu Oct 31 16:28:49 2024]
Finished job 0.
2 of 2 steps (100%) done
Complete log: .snakemake/log/2024-10-31T162849.071997.snakemake.log
