[38;5;246m# A tibble: 6 × 32[39m
   seqn in_sample ridageyr ridreth1 riagendr    x1 bmdstats bmxwt bmiwt bmxrecum
  [3m[38;5;246m<dbl>[39m[23m     [3m[38;5;246m<dbl>[39m[23m    [3m[38;5;246m<dbl>[39m[23m    [3m[38;5;246m<dbl>[39m[23m    [3m[38;5;246m<dbl>[39m[23m [3m[38;5;246m<dbl>[39m[23m    [3m[38;5;246m<dbl>[39m[23m [3m[38;5;246m<dbl>[39m[23m [3m[38;5;246m<dbl>[39m[23m    [3m[38;5;246m<dbl>[39m[23m
[38;5;250m1[39m [4m3[24m[4m1[24m127         0        0        3        1     1        1  10.2    [31mNA[39m     73.6
[38;5;250m2[39m [4m3[24m[4m1[24m128         1       11        4        2     2        1  40.1    [31mNA[39m     [31mNA[39m  
[38;5;250m3[39m [4m3[24m[4m1[24m129         1       15        4        1     3        1  74.6    [31mNA[39m     [31mNA[39m  
[38;5;250m4[39m [4m3[24m[4m1[24m130         0       85        3        2     4        4  [31mNA[39m      [31mNA[39m     [31mNA[39m  
[38;5;250m5[39m [4m3[24m[4m1[24m131         1       44        4        2     5        3  75.2    [31mNA[39m     [31mNA[39m  
[38;5;250m6[39m [4m3[24m[4m1[24m132         1       70        3        1     6        1  69.5    [31mNA[39m     [31mNA[39m  
[38;5;246m# ℹ 22 more variables: bmirecum <dbl>, bmxhead <dbl>, bmihead <lgl>,[39m
[38;5;246m#   bmxht <dbl>, bmiht <dbl>, bmxbmi <dbl>, bmxleg <dbl>, bmileg <dbl>,[39m
[38;5;246m#   bmxcalf <dbl>, bmicalf <dbl>, bmxarml <dbl>, bmiarml <dbl>, bmxarmc <dbl>,[39m
[38;5;246m#   bmiarmc <dbl>, bmxwaist <dbl>, bmiwaist <dbl>, bmxthicr <dbl>,[39m
[38;5;246m#   bmithicr <dbl>, bmxtri <dbl>, bmitri <dbl>, bmxsub <dbl>, bmisub <dbl>[39m
[38;5;246m# A tibble: 3 × 5[39m
  obese     n has_accel_sum has_accel_prop  test
  [3m[38;5;246m<dbl>[39m[23m [3m[38;5;246m<int>[39m[23m         [3m[38;5;246m<dbl>[39m[23m          [3m[38;5;246m<dbl>[39m[23m [3m[38;5;246m<dbl>[39m[23m
[38;5;250m1[39m     0  [4m6[24m897          [4m5[24m501          0.798 0.798
[38;5;250m2[39m     1  [4m2[24m052          [4m1[24m924          0.938 0.938
[38;5;250m3[39m    [31mNA[39m  [4m1[24m001             0          0     0    
[38;5;246m# A tibble: 2 × 2[39m
  riagendr has_accel
     [3m[38;5;246m<dbl>[39m[23m     [3m[38;5;246m<dbl>[39m[23m
[38;5;250m1[39m        1     0.736
[38;5;250m2[39m        2     0.757
[38;5;246m# A tibble: 1 × 1[39m
  maxht
  [3m[38;5;246m<dbl>[39m[23m
[38;5;250m1[39m  191.
